<?xml version="1.0" encoding="UTF-8"?>
<!-- Generated by org.testng.reporters.JUnitReportReporter -->
<testsuite hostname="HP" name="Academy.NewTest" tests="5" failures="0" timestamp="19 Aug 2021 13:28:57 GMT" time="10.113" errors="0">
  <testcase name="def" time="0.927" classname="Academy.NewTest"/>
  <testcase name="abc" time="6.462" classname="Academy.NewTest"/>
  <testcase name="adc" time="0.798" classname="Academy.NewTest"/>
  <testcase name="mdf" time="0.888" classname="Academy.NewTest"/>
  <testcase name="mvf" time="1.038" classname="Academy.NewTest"/>
</testsuite> <!-- Academy.NewTest -->
