<?xml version="1.0" encoding="UTF-8"?>
<!-- Generated by org.testng.reporters.JUnitReportReporter -->
<testsuite hostname="HP" name="Academy.selenium.NewapiTest" tests="5" failures="0" timestamp="20 Aug 2021 09:20:07 GMT" time="10.890" errors="0">
  <testcase name="def" time="0.884" classname="Academy.selenium.NewapiTest"/>
  <testcase name="abc" time="8.217" classname="Academy.selenium.NewapiTest"/>
  <testcase name="adc" time="0.473" classname="Academy.selenium.NewapiTest"/>
  <testcase name="mdf" time="0.596" classname="Academy.selenium.NewapiTest"/>
  <testcase name="mvf" time="0.720" classname="Academy.selenium.NewapiTest"/>
</testsuite> <!-- Academy.selenium.NewapiTest -->
