<?xml version="1.0" encoding="UTF-8"?>
<!-- Generated by org.testng.reporters.JUnitReportReporter -->
<testsuite hostname="HP" name="DemoProject.selenium.NewSeleniumTest" tests="1" failures="0" timestamp="23 Sep 2021 20:12:09 GMT" time="126.227" errors="0">
  <testcase name="basePageNavigation" time="126.227" classname="DemoProject.selenium.NewSeleniumTest"/>
</testsuite> <!-- DemoProject.selenium.NewSeleniumTest -->
