<?xml version="1.0" encoding="UTF-8"?>
<!-- Generated by org.testng.reporters.JUnitReportReporter -->
<testsuite hostname="HP" name="Academy.NewapiTest" tests="5" failures="0" timestamp="20 Aug 2021 11:49:54 GMT" time="12.541" errors="0">
  <testcase name="ZRepDel" time="1.124" classname="Academy.NewapiTest"/>
  <testcase name="XGetStation" time="1.942" classname="Academy.NewapiTest"/>
  <testcase name="CreateStation" time="5.483" classname="Academy.NewapiTest"/>
  <testcase name="YDelStation" time="1.505" classname="Academy.NewapiTest"/>
  <testcase name="Postwithnokey" time="2.487" classname="Academy.NewapiTest"/>
</testsuite> <!-- Academy.NewapiTest -->
