<?xml version="1.0" encoding="UTF-8"?>
<!-- Generated by org.testng.reporters.JUnitReportReporter -->
<testsuite hostname="HP" name="Academy.NewSeleniumTest" tests="1" failures="0" timestamp="20 Aug 2021 08:17:18 GMT" time="28.438" errors="0">
  <testcase name="basePageNavigation" time="28.438" classname="Academy.NewSeleniumTest"/>
</testsuite> <!-- Academy.NewSeleniumTest -->
